<?xml version="1.0" encoding="UTF-8"?>
<!-- Generated by org.testng.reporters.JUnitReportReporter -->
<testsuite skipped="0" hostname="DESKTOP-SPP0FTF" name="com.sgtesting.actitime.testsuite.DriverScript" tests="2" failures="0" timestamp="2022-04-06T22:31:34 IST" time="83.037" errors="0">
  <testcase name="feature" time="58.001" classname="com.sgtesting.actitime.testsuite.DriverScript"/>
  <system-out/>
  <testcase name="feature" time="25.036" classname="com.sgtesting.actitime.testsuite.DriverScript"/>
  <system-out/>
</testsuite> <!-- com.sgtesting.actitime.testsuite.DriverScript -->
